<?xml version="1.0" encoding="UTF-8"?>
<!-- Generated by org.testng.reporters.JUnitReportReporter -->
<testsuite skipped="0" hostname="DESKTOP-RK7253J" name="TestNG_Parameters.TestNG_Parameters_Passing" tests="5" failures="0" timestamp="21 Aug 2019 06:25:41 GMT" time="13.587" errors="0">
  <testcase name="open_browser" time="3.247" classname="TestNG_Parameters.TestNG_Parameters_Passing"/>
  <testcase name="enter_url" time="2.562" classname="TestNG_Parameters.TestNG_Parameters_Passing"/>
  <testcase name="user_Login" time="2.208" classname="TestNG_Parameters.TestNG_Parameters_Passing"/>
  <testcase name="Verify_Logedin_Page" time="5.010" classname="TestNG_Parameters.TestNG_Parameters_Passing"/>
  <testcase name="user_Logout" time="0.560" classname="TestNG_Parameters.TestNG_Parameters_Passing"/>
</testsuite> <!-- TestNG_Parameters.TestNG_Parameters_Passing -->
