<?xml version="1.0" encoding="UTF-8"?>
<!-- Generated by org.testng.reporters.JUnitReportReporter -->
<testsuite skipped="0" hostname="Vampire" name="TestNG_InitCount.Sampel" tests="5" failures="0" timestamp="24 Aug 2019 02:44:24 GMT" time="0.078" errors="0">
  <testcase name="invocationcount" time="0.019" classname="TestNG_InitCount.Sampel"/>
  <testcase name="invocationcount" time="0.013" classname="TestNG_InitCount.Sampel"/>
  <testcase name="invocationcount" time="0.030" classname="TestNG_InitCount.Sampel"/>
  <testcase name="invocationcount" time="0.005" classname="TestNG_InitCount.Sampel"/>
  <testcase name="invocationcount" time="0.011" classname="TestNG_InitCount.Sampel"/>
</testsuite> <!-- TestNG_InitCount.Sampel -->
