<?xml version="1.0" encoding="UTF-8"?>
<!-- Generated by org.testng.reporters.JUnitReportReporter -->
<testsuite skipped="0" hostname="DESKTOP-RK7253J" name="TestNG_Parameters.Login_To_User_Account" tests="2" failures="0" timestamp="20 Aug 2019 12:10:35 GMT" time="7.247" errors="0">
  <testcase name="Login" time="2.129" classname="TestNG_Parameters.Login_To_User_Account"/>
  <testcase name="Login" time="5.118" classname="TestNG_Parameters.Login_To_User_Account"/>
</testsuite> <!-- TestNG_Parameters.Login_To_User_Account -->
