<?xml version="1.0" encoding="UTF-8"?>
<!-- Generated by org.testng.reporters.JUnitReportReporter -->
<testsuite skipped="0" hostname="DESKTOP-RK7253J" name="TestNG_RetrivedataFrom_PropertyAndConfig_Files.ReadFileData" tests="1" failures="0" timestamp="21 Aug 2019 09:37:56 GMT" time="8.017" errors="0">
  <testcase name="readPropertiesFile" time="8.017" classname="TestNG_RetrivedataFrom_PropertyAndConfig_Files.ReadFileData"/>
</testsuite> <!-- TestNG_RetrivedataFrom_PropertyAndConfig_Files.ReadFileData -->
